# JRE version: OpenJDK Runtime Environment Temurin-17.0.6+10 (17.0.6+10) (build 17.0.6+10)
# Java VM: OpenJDK 64-Bit Server VM Temurin-17.0.6+10 (17.0.6+10, mixed mode, sharing, tiered, compressed oops, compressed class ptrs, g1 gc, linux-amd64)
GC Precious Log:
 CPUs: 12 total, 12 available
 Memory: 63584M
 Large Page Support: Disabled
 NUMA Support: Disabled
 Compressed Oops: Enabled (Zero based)
 Heap Region Size: 16M
 Heap Min Capacity: 4G
 Heap Initial Capacity: 4G
 Heap Max Capacity: 4G
 Pre-touch: Enabled
 Parallel Workers: 10
 Concurrent Workers: 3
 Concurrent Refinement Workers: 10
 Periodic GC: Disabled
Heap:
 garbage-first heap   total 4194304K, used 1638656K [0x0000000700000000, 0x0000000800000000)
  region size 16384K, 66 young (1081344K), 1 survivors (16384K)
 Metaspace       used 229563K, committed 231680K, reserved 1245184K
  class space    used 35823K, committed 36864K, reserved 1048576K
GC Heap History (20 events):
Event: 25850.409 GC heap before
{Heap before GC invocations=25 (full 0):
 garbage-first heap   total 4194304K, used 2557502K [0x0000000700000000, 0x0000000800000000)
  region size 16384K, 128 young (2097152K), 1 survivors (16384K)
 Metaspace       used 225525K, committed 227584K, reserved 1245184K
  class space    used 35401K, committed 36352K, reserved 1048576K
}
Event: 25850.412 GC heap after
{Heap after GC invocations=26 (full 0):
 garbage-first heap   total 4194304K, used 497182K [0x0000000700000000, 0x0000000800000000)
  region size 16384K, 1 young (16384K), 1 survivors (16384K)
 Metaspace       used 225525K, committed 227584K, reserved 1245184K
  class space    used 35401K, committed 36352K, reserved 1048576K
}
Event: 25979.316 GC heap before
{Heap before GC invocations=26 (full 0):
 garbage-first heap   total 4194304K, used 2577950K [0x0000000700000000, 0x0000000800000000)
  region size 16384K, 128 young (2097152K), 1 survivors (16384K)
 Metaspace       used 225622K, committed 227648K, reserved 1245184K
  class space    used 35401K, committed 36352K, reserved 1048576K
}
Event: 25979.318 GC heap after
{Heap after GC invocations=27 (full 0):
 garbage-first heap   total 4194304K, used 500325K [0x0000000700000000, 0x0000000800000000)
  region size 16384K, 1 young (16384K), 1 survivors (16384K)
 Metaspace       used 225622K, committed 227648K, reserved 1245184K
  class space    used 35401K, committed 36352K, reserved 1048576K
}
Event: 26459.395 GC heap before
{Heap before GC invocations=27 (full 0):
 garbage-first heap   total 4194304K, used 2581093K [0x0000000700000000, 0x0000000800000000)
  region size 16384K, 128 young (2097152K), 1 survivors (16384K)
 Metaspace       used 227426K, committed 229568K, reserved 1245184K
  class space    used 35625K, committed 36672K, reserved 1048576K
}
Event: 26459.405 GC heap after
{Heap after GC invocations=28 (full 0):
 garbage-first heap   total 4194304K, used 558392K [0x0000000700000000, 0x0000000800000000)
  region size 16384K, 4 young (65536K), 4 survivors (65536K)
 Metaspace       used 227426K, committed 229568K, reserved 1245184K
  class space    used 35625K, committed 36672K, reserved 1048576K
}
Event: 26748.430 GC heap before
{Heap before GC invocations=28 (full 0):
 garbage-first heap   total 4194304K, used 2573624K [0x0000000700000000, 0x0000000800000000)
  region size 16384K, 128 young (2097152K), 4 survivors (65536K)
 Metaspace       used 227945K, committed 230016K, reserved 1245184K
  class space    used 35682K, committed 36672K, reserved 1048576K
}
Event: 26748.438 GC heap after
{Heap after GC invocations=29 (full 0):
 garbage-first heap   total 4194304K, used 565549K [0x0000000700000000, 0x0000000800000000)
  region size 16384K, 1 young (16384K), 1 survivors (16384K)
 Metaspace       used 227945K, committed 230016K, reserved 1245184K
  class space    used 35682K, committed 36672K, reserved 1048576K
}
Event: 27034.867 GC heap before
{Heap before GC invocations=29 (full 0):
 garbage-first heap   total 4194304K, used 2629933K [0x0000000700000000, 0x0000000800000000)
  region size 16384K, 128 young (2097152K), 1 survivors (16384K)
 Metaspace       used 228469K, committed 230592K, reserved 1245184K
  class space    used 35750K, committed 36800K, reserved 1048576K
}
Event: 27034.870 GC heap after
{Heap after GC invocations=30 (full 0):
 garbage-first heap   total 4194304K, used 568726K [0x0000000700000000, 0x0000000800000000)
  region size 16384K, 1 young (16384K), 1 survivors (16384K)
 Metaspace       used 228469K, committed 230592K, reserved 1245184K
  class space    used 35750K, committed 36800K, reserved 1048576K
}
Event: 27269.341 GC heap before
{Heap before GC invocations=30 (full 0):
 garbage-first heap   total 4194304K, used 2649494K [0x0000000700000000, 0x0000000800000000)
  region size 16384K, 128 young (2097152K), 1 survivors (16384K)
 Metaspace       used 228670K, committed 230848K, reserved 1245184K
  class space    used 35766K, committed 36800K, reserved 1048576K
}
Event: 27269.344 GC heap after
{Heap after GC invocations=31 (full 0):
 garbage-first heap   total 4194304K, used 574240K [0x0000000700000000, 0x0000000800000000)
  region size 16384K, 1 young (16384K), 1 survivors (16384K)
 Metaspace       used 228670K, committed 230848K, reserved 1245184K
  class space    used 35766K, committed 36800K, reserved 1048576K
}
Event: 27657.416 GC heap before
{Heap before GC invocations=31 (full 0):
 garbage-first heap   total 4194304K, used 2638624K [0x0000000700000000, 0x0000000800000000)
  region size 16384K, 128 young (2097152K), 1 survivors (16384K)
 Metaspace       used 229106K, committed 231232K, reserved 1245184K
  class space    used 35782K, committed 36800K, reserved 1048576K
}
Event: 27657.419 GC heap after
{Heap after GC invocations=32 (full 0):
 garbage-first heap   total 4194304K, used 574984K [0x0000000700000000, 0x0000000800000000)
  region size 16384K, 1 young (16384K), 1 survivors (16384K)
 Metaspace       used 229106K, committed 231232K, reserved 1245184K
  class space    used 35782K, committed 36800K, reserved 1048576K
}
Event: 27721.329 GC heap before
{Heap before GC invocations=32 (full 0):
 garbage-first heap   total 4194304K, used 2639368K [0x0000000700000000, 0x0000000800000000)
  region size 16384K, 128 young (2097152K), 1 survivors (16384K)
 Metaspace       used 229194K, committed 231296K, reserved 1245184K
  class space    used 35795K, committed 36800K, reserved 1048576K
}
Event: 27721.332 GC heap after
{Heap after GC invocations=33 (full 0):
 garbage-first heap   total 4194304K, used 579075K [0x0000000700000000, 0x0000000800000000)
  region size 16384K, 1 young (16384K), 1 survivors (16384K)
 Metaspace       used 229194K, committed 231296K, reserved 1245184K
  class space    used 35795K, committed 36800K, reserved 1048576K
}
Event: 27869.301 GC heap before
{Heap before GC invocations=33 (full 0):
 garbage-first heap   total 4194304K, used 2643459K [0x0000000700000000, 0x0000000800000000)
  region size 16384K, 128 young (2097152K), 1 survivors (16384K)
 Metaspace       used 229273K, committed 231360K, reserved 1245184K
  class space    used 35795K, committed 36800K, reserved 1048576K
}
Event: 27869.304 GC heap after
{Heap after GC invocations=34 (full 0):
 garbage-first heap   total 4194304K, used 587814K [0x0000000700000000, 0x0000000800000000)
  region size 16384K, 1 young (16384K), 1 survivors (16384K)
 Metaspace       used 229273K, committed 231360K, reserved 1245184K
  class space    used 35795K, committed 36800K, reserved 1048576K
}
Event: 28165.231 GC heap before
{Heap before GC invocations=34 (full 0):
 garbage-first heap   total 4194304K, used 2668582K [0x0000000700000000, 0x0000000800000000)
  region size 16384K, 128 young (2097152K), 1 survivors (16384K)
 Metaspace       used 229305K, committed 231424K, reserved 1245184K
  class space    used 35796K, committed 36800K, reserved 1048576K
}
Event: 28165.235 GC heap after
{Heap after GC invocations=35 (full 0):
 garbage-first heap   total 4194304K, used 590080K [0x0000000700000000, 0x0000000800000000)
  region size 16384K, 1 young (16384K), 1 survivors (16384K)
 Metaspace       used 229305K, committed 231424K, reserved 1245184K
  class space    used 35796K, committed 36800K, reserved 1048576K
}

